<?xml version="1.0" encoding="UTF-8"?>
<!-- Generated by org.testng.reporters.JUnitReportReporter -->
<testsuite hostname="Administrator" failures="0" tests="1" name="others.Amazonsolimonotebook" time="13.451" errors="0" timestamp="2023-04-14T15:59:56 IST" skipped="0">
  <testcase classname="others.Amazonsolimonotebook" name="amazon" time="13.451"/>
  <system-out/>
</testsuite> <!-- others.Amazonsolimonotebook -->
