<?xml version="1.0" encoding="UTF-8"?>
<!-- Generated by org.testng.reporters.JUnitReportReporter -->
<testsuite hostname="Administrator" failures="0" tests="1" name="others.CrickbuzzRanking" time="10.623" errors="0" timestamp="2023-04-12T15:57:25 IST" skipped="0">
  <testcase classname="others.CrickbuzzRanking" name="ranks" time="10.623"/>
  <system-out/>
</testsuite> <!-- others.CrickbuzzRanking -->
