<?xml version="1.0" encoding="UTF-8"?>
<!-- Generated by org.testng.reporters.JUnitReportReporter -->
<testsuite hostname="Administrator" failures="0" tests="1" name="mock.Exceldata" time="28.901" errors="0" timestamp="2023-04-11T11:28:35 IST" skipped="0">
  <testcase classname="mock.Exceldata" name="icc" time="28.901"/>
  <system-out/>
</testsuite> <!-- mock.Exceldata -->
