<?xml version="1.0" encoding="UTF-8"?>
<!-- Generated by org.testng.reporters.JUnitReportReporter -->
<testsuite hostname="Niteesh" failures="0" tests="1" name="challenges.C1" time="0.007" errors="0" timestamp="2023-10-02T12:29:30 IST" skipped="0">
  <testcase classname="challenges.C1" name="charCount" time="0.007"/>
  <system-out/>
</testsuite> <!-- challenges.C1 -->
