<?xml version="1.0" encoding="UTF-8"?>
<!-- Generated by org.testng.reporters.JUnitReportReporter -->
<testsuite hostname="Administrator" failures="0" tests="1" name="mock.Sel_Drid" time="8.015" errors="0" timestamp="2023-04-11T15:08:57 IST" skipped="0">
  <testcase classname="mock.Sel_Drid" name="m1" time="8.015"/>
  <system-out/>
</testsuite> <!-- mock.Sel_Drid -->
