<?xml version="1.0" encoding="UTF-8"?>
<!-- Generated by org.testng.reporters.JUnitReportReporter -->
<testsuite hostname="Administrator" failures="0" tests="1" name="others.MakemyTrip_OneWay" time="11.146" errors="0" timestamp="2023-04-25T17:26:25 IST" skipped="0">
  <testcase classname="others.MakemyTrip_OneWay" name="m1" time="11.146"/>
  <system-out/>
</testsuite> <!-- others.MakemyTrip_OneWay -->
