<?xml version="1.0" encoding="UTF-8"?>
<!-- Generated by org.testng.reporters.JUnitReportReporter -->
<testsuite hostname="Administrator" failures="0" tests="1" name="others.Olympics" time="75.260" errors="0" timestamp="2023-04-12T17:31:34 IST" skipped="0">
  <testcase classname="others.Olympics" name="oly" time="75.260"/>
  <system-out/>
</testsuite> <!-- others.Olympics -->
