<?xml version="1.0" encoding="UTF-8"?>
<!-- Generated by org.testng.reporters.JUnitReportReporter -->
<testsuite hostname="Administrator" failures="0" tests="1" name="basic_selenium.TryAllinONE" time="12.147" errors="0" timestamp="2023-04-09T11:01:02 IST" skipped="0">
  <testcase classname="basic_selenium.TryAllinONE" name="m" time="12.147"/>
  <system-out/>
</testsuite> <!-- basic_selenium.TryAllinONE -->
