<?xml version="1.0" encoding="UTF-8"?>
<!-- Generated by org.testng.reporters.JUnitReportReporter -->
<testsuite hostname="Administrator" failures="0" tests="1" name="others.MakemyTrip_OneWay" time="9.312" errors="0" timestamp="2023-04-12T12:51:42 IST" skipped="0">
  <testcase classname="others.MakemyTrip_OneWay" name="m1" time="9.312"/>
  <system-out/>
</testsuite> <!-- others.MakemyTrip_OneWay -->
