<?xml version="1.0" encoding="UTF-8"?>
<!-- Generated by org.testng.reporters.JUnitReportReporter -->
<testsuite hostname="Administrator" failures="0" tests="1" name="mock.IccAllrounder" time="54.539" errors="0" timestamp="2023-04-13T14:58:37 IST" skipped="0">
  <testcase classname="mock.IccAllrounder" name="icc" time="54.539"/>
  <system-out/>
</testsuite> <!-- mock.IccAllrounder -->
