<?xml version="1.0" encoding="UTF-8"?>
<!-- Generated by org.testng.reporters.JUnitReportReporter -->
<testsuite hostname="Administrator" failures="0" tests="1" name="basic_selenium.BrokenLinks" time="200.295" errors="0" timestamp="2023-04-07T15:41:26 IST" skipped="0">
  <testcase classname="basic_selenium.BrokenLinks" name="brkn" time="200.295"/>
  <system-out/>
</testsuite> <!-- basic_selenium.BrokenLinks -->
